[32m[Nest] 220360  - [39m12/27/2025, 11:10:36 PM [32m    LOG[39m [38;5;3m[NestFactory] [39m[32mStarting Nest application...[39m
[32m[Nest] 220360  - [39m12/27/2025, 11:10:36 PM [32m    LOG[39m [38;5;3m[InstanceLoader] [39m[32mAppModule dependencies initialized[39m[38;5;3m +17ms[39m
[32m[Nest] 220360  - [39m12/27/2025, 11:10:36 PM [32m    LOG[39m [38;5;3m[InstanceLoader] [39m[32mPrismaModule dependencies initialized[39m[38;5;3m +0ms[39m
[32m[Nest] 220360  - [39m12/27/2025, 11:10:36 PM [32m    LOG[39m [38;5;3m[InstanceLoader] [39m[32mConfigHostModule dependencies initialized[39m[38;5;3m +0ms[39m
[32m[Nest] 220360  - [39m12/27/2025, 11:10:36 PM [32m    LOG[39m [38;5;3m[InstanceLoader] [39m[32mCategoriesModule dependencies initialized[39m[38;5;3m +1ms[39m
[32m[Nest] 220360  - [39m12/27/2025, 11:10:36 PM [32m    LOG[39m [38;5;3m[InstanceLoader] [39m[32mRecurringModule dependencies initialized[39m[38;5;3m +0ms[39m
[32m[Nest] 220360  - [39m12/27/2025, 11:10:36 PM [32m    LOG[39m [38;5;3m[InstanceLoader] [39m[32mHabitsModule dependencies initialized[39m[38;5;3m +0ms[39m
[32m[Nest] 220360  - [39m12/27/2025, 11:10:36 PM [32m    LOG[39m [38;5;3m[InstanceLoader] [39m[32mConfigModule dependencies initialized[39m[38;5;3m +0ms[39m
[32m[Nest] 220360  - [39m12/27/2025, 11:10:36 PM [32m    LOG[39m [38;5;3m[InstanceLoader] [39m[32mConfigModule dependencies initialized[39m[38;5;3m +0ms[39m
[32m[Nest] 220360  - [39m12/27/2025, 11:10:36 PM [32m    LOG[39m [38;5;3m[InstanceLoader] [39m[32mRabbitMQModule dependencies initialized[39m[38;5;3m +0ms[39m
[32m[Nest] 220360  - [39m12/27/2025, 11:10:36 PM [32m    LOG[39m [38;5;3m[InstanceLoader] [39m[32mRedisModule dependencies initialized[39m[38;5;3m +0ms[39m
[32m[Nest] 220360  - [39m12/27/2025, 11:10:36 PM [32m    LOG[39m [38;5;3m[InstanceLoader] [39m[32mExpensesModule dependencies initialized[39m[38;5;3m +1ms[39m
[32m[Nest] 220360  - [39m12/27/2025, 11:10:36 PM [32m    LOG[39m [38;5;3m[RoutesResolver] [39m[32mExpensesController {/api/v1/expenses}:[39m[38;5;3m +7ms[39m
[32m[Nest] 220360  - [39m12/27/2025, 11:10:36 PM [32m    LOG[39m [38;5;3m[RouterExplorer] [39m[32mMapped {/api/v1/expenses, POST} route[39m[38;5;3m +2ms[39m
[32m[Nest] 220360  - [39m12/27/2025, 11:10:36 PM [32m    LOG[39m [38;5;3m[RouterExplorer] [39m[32mMapped {/api/v1/expenses, GET} route[39m[38;5;3m +0ms[39m
[32m[Nest] 220360  - [39m12/27/2025, 11:10:36 PM [32m    LOG[39m [38;5;3m[RouterExplorer] [39m[32mMapped {/api/v1/expenses/:id, GET} route[39m[38;5;3m +1ms[39m
[32m[Nest] 220360  - [39m12/27/2025, 11:10:36 PM [32m    LOG[39m [38;5;3m[RouterExplorer] [39m[32mMapped {/api/v1/expenses/:id, PUT} route[39m[38;5;3m +0ms[39m
[32m[Nest] 220360  - [39m12/27/2025, 11:10:36 PM [32m    LOG[39m [38;5;3m[RouterExplorer] [39m[32mMapped {/api/v1/expenses/:id, DELETE} route[39m[38;5;3m +1ms[39m
[32m[Nest] 220360  - [39m12/27/2025, 11:10:36 PM [32m    LOG[39m [38;5;3m[RoutesResolver] [39m[32mCategoriesController {/api/v1/categories}:[39m[38;5;3m +0ms[39m
[32m[Nest] 220360  - [39m12/27/2025, 11:10:36 PM [32m    LOG[39m [38;5;3m[RouterExplorer] [39m[32mMapped {/api/v1/categories, POST} route[39m[38;5;3m +0ms[39m
[32m[Nest] 220360  - [39m12/27/2025, 11:10:36 PM [32m    LOG[39m [38;5;3m[RouterExplorer] [39m[32mMapped {/api/v1/categories, GET} route[39m[38;5;3m +0ms[39m
[32m[Nest] 220360  - [39m12/27/2025, 11:10:36 PM [32m    LOG[39m [38;5;3m[RouterExplorer] [39m[32mMapped {/api/v1/categories/:id, GET} route[39m[38;5;3m +0ms[39m
[32m[Nest] 220360  - [39m12/27/2025, 11:10:36 PM [32m    LOG[39m [38;5;3m[RoutesResolver] [39m[32mRecurringController {/api/v1/expenses/recurring}:[39m[38;5;3m +0ms[39m
[32m[Nest] 220360  - [39m12/27/2025, 11:10:36 PM [32m    LOG[39m [38;5;3m[RouterExplorer] [39m[32mMapped {/api/v1/expenses/recurring, POST} route[39m[38;5;3m +1ms[39m
[32m[Nest] 220360  - [39m12/27/2025, 11:10:36 PM [32m    LOG[39m [38;5;3m[RouterExplorer] [39m[32mMapped {/api/v1/expenses/recurring, GET} route[39m[38;5;3m +0ms[39m
[32m[Nest] 220360  - [39m12/27/2025, 11:10:36 PM [32m    LOG[39m [38;5;3m[RoutesResolver] [39m[32mHabitsController {/api/v1/habits}:[39m[38;5;3m +1ms[39m
[32m[Nest] 220360  - [39m12/27/2025, 11:10:36 PM [32m    LOG[39m [38;5;3m[RouterExplorer] [39m[32mMapped {/api/v1/habits, POST} route[39m[38;5;3m +0ms[39m
[32m[Nest] 220360  - [39m12/27/2025, 11:10:36 PM [32m    LOG[39m [38;5;3m[RouterExplorer] [39m[32mMapped {/api/v1/habits, GET} route[39m[38;5;3m +0ms[39m
[32m[Nest] 220360  - [39m12/27/2025, 11:10:36 PM [32m    LOG[39m [38;5;3m[RouterExplorer] [39m[32mMapped {/api/v1/habits/:id/log, POST} route[39m[38;5;3m +0ms[39m
[32m[Nest] 220360  - [39m12/27/2025, 11:10:36 PM [32m    LOG[39m [38;5;3m[RedisService] [39m[32m✅ Connected to Redis[39m
[32m[Nest] 220360  - [39m12/27/2025, 11:10:36 PM [32m    LOG[39m [38;5;3m[EventPublisher] [39m[32m✅ Connected to RabbitMQ[39m
[32m[Nest] 220360  - [39m12/27/2025, 11:10:36 PM [32m    LOG[39m [38;5;3m[NestApplication] [39m[32mNest application successfully started[39m[38;5;3m +2ms[39m
[32m[Nest] 220360  - [39m12/27/2025, 11:10:36 PM [32m    LOG[39m [38;5;3m[Bootstrap] [39m[32mFor test user id, Set "Authorization: Bearer <ID>" in header[39m
[32m[Nest] 220360  - [39m12/27/2025, 11:10:36 PM [32m    LOG[39m [38;5;3m[Bootstrap] [39m[32m🚀 Expense Service running on port 3003[39m
[95m[Nest] 220360  - [39m12/27/2025, 11:10:49 PM [95m  DEBUG[39m [38;5;3m[EventPublisher] [39m[95mPublished event 'expense.created'[39m
